<?xml version="1.0" encoding="UTF-8"?>
<testng-results ignored="0" total="1" passed="1" failed="0" skipped="0">
  <reporter-output>
  </reporter-output>
  <suite started-at="2023-03-04T10:23:54 IST" name="Default suite" finished-at="2023-03-04T10:24:03 IST" duration-ms="8977">
    <groups>
    </groups>
    <test started-at="2023-03-04T10:23:54 IST" name="Default test" finished-at="2023-03-04T10:24:03 IST" duration-ms="8977">
      <class name="com.apollo.Apollo247PageFac.Apollo247PageFactTest">
        <test-method signature="verification()[pri:0, instance:com.apollo.Apollo247PageFac.Apollo247PageFactTest@13fd2ccd]" started-at="2023-03-04T10:23:54 IST" name="verification" finished-at="2023-03-04T10:24:03 IST" duration-ms="8898" status="PASS">
          <reporter-output>
          </reporter-output>
        </test-method> <!-- verification -->
      </class> <!-- com.apollo.Apollo247PageFac.Apollo247PageFactTest -->
    </test> <!-- Default test -->
  </suite> <!-- Default suite -->
</testng-results>
